# JRE version: Java(TM) SE Runtime Environment (7.0_71-b14) (build 1.7.0_71-b14)
# Java VM: Java HotSpot(TM) 64-Bit Server VM (24.71-b01 mixed mode windows-amd64 compressed oops)
Heap
 PSYoungGen      total 57344K, used 11102K [0x00000007c0680000, 0x00000007c7680000, 0x0000000800000000)
  eden space 49152K, 18% used [0x00000007c0680000,0x00000007c0f30060,0x00000007c3680000)
  from space 8192K, 26% used [0x00000007c3680000,0x00000007c38a7b20,0x00000007c3e80000)
  to   space 8192K, 0% used [0x00000007c6e80000,0x00000007c6e80000,0x00000007c7680000)
 ParOldGen       total 130048K, used 49168K [0x0000000741400000, 0x0000000749300000, 0x00000007c0680000)
  object space 130048K, 37% used [0x0000000741400000,0x0000000744404030,0x0000000749300000)
 PSPermGen       total 21504K, used 13675K [0x000000073c200000, 0x000000073d700000, 0x0000000741400000)
  object space 21504K, 63% used [0x000000073c200000,0x000000073cf5afc0,0x000000073d700000)
GC Heap History (6 events):
Event: 10.449 GC heap before
{Heap before GC invocations=1 (full 0):
 PSYoungGen      total 57344K, used 49152K [0x00000007c0680000, 0x00000007c4680000, 0x0000000800000000)
  eden space 49152K, 100% used [0x00000007c0680000,0x00000007c3680000,0x00000007c3680000)
  from space 8192K, 0% used [0x00000007c3e80000,0x00000007c3e80000,0x00000007c4680000)
  to   space 8192K, 0% used [0x00000007c3680000,0x00000007c3680000,0x00000007c3e80000)
 ParOldGen       total 130048K, used 0K [0x0000000741400000, 0x0000000749300000, 0x00000007c0680000)
  object space 130048K, 0% used [0x0000000741400000,0x0000000741400000,0x0000000749300000)
 PSPermGen       total 21504K, used 13665K [0x000000073c200000, 0x000000073d700000, 0x0000000741400000)
  object space 21504K, 63% used [0x000000073c200000,0x000000073cf58530,0x000000073d700000)
Event: 10.517 GC heap after
Heap after GC invocations=1 (full 0):
 PSYoungGen      total 57344K, used 2975K [0x00000007c0680000, 0x00000007c4680000, 0x0000000800000000)
  eden space 49152K, 0% used [0x00000007c0680000,0x00000007c0680000,0x00000007c3680000)
  from space 8192K, 36% used [0x00000007c3680000,0x00000007c3967d80,0x00000007c3e80000)
  to   space 8192K, 0% used [0x00000007c3e80000,0x00000007c3e80000,0x00000007c4680000)
 ParOldGen       total 130048K, used 49160K [0x0000000741400000, 0x0000000749300000, 0x00000007c0680000)
  object space 130048K, 37% used [0x0000000741400000,0x0000000744402030,0x0000000749300000)
 PSPermGen       total 21504K, used 13665K [0x000000073c200000, 0x000000073d700000, 0x0000000741400000)
  object space 21504K, 63% used [0x000000073c200000,0x000000073cf58530,0x000000073d700000)
}
Event: 11.056 GC heap before
{Heap before GC invocations=2 (full 0):
 PSYoungGen      total 57344K, used 52127K [0x00000007c0680000, 0x00000007c4680000, 0x0000000800000000)
  eden space 49152K, 100% used [0x00000007c0680000,0x00000007c3680000,0x00000007c3680000)
  from space 8192K, 36% used [0x00000007c3680000,0x00000007c3967d80,0x00000007c3e80000)
  to   space 8192K, 0% used [0x00000007c3e80000,0x00000007c3e80000,0x00000007c4680000)
 ParOldGen       total 130048K, used 49160K [0x0000000741400000, 0x0000000749300000, 0x00000007c0680000)
  object space 130048K, 37% used [0x0000000741400000,0x0000000744402030,0x0000000749300000)
 PSPermGen       total 21504K, used 13673K [0x000000073c200000, 0x000000073d700000, 0x0000000741400000)
  object space 21504K, 63% used [0x000000073c200000,0x000000073cf5a7e0,0x000000073d700000)
Event: 11.064 GC heap after
Heap after GC invocations=2 (full 0):
 PSYoungGen      total 57344K, used 2190K [0x00000007c0680000, 0x00000007c7680000, 0x0000000800000000)
  eden space 49152K, 0% used [0x00000007c0680000,0x00000007c0680000,0x00000007c3680000)
  from space 8192K, 26% used [0x00000007c3e80000,0x00000007c40a3b10,0x00000007c4680000)
  to   space 8192K, 0% used [0x00000007c3680000,0x00000007c3680000,0x00000007c3e80000)
 ParOldGen       total 130048K, used 49168K [0x0000000741400000, 0x0000000749300000, 0x00000007c0680000)
  object space 130048K, 37% used [0x0000000741400000,0x0000000744404030,0x0000000749300000)
 PSPermGen       total 21504K, used 13673K [0x000000073c200000, 0x000000073d700000, 0x0000000741400000)
  object space 21504K, 63% used [0x000000073c200000,0x000000073cf5a7e0,0x000000073d700000)
}
Event: 11.364 GC heap before
{Heap before GC invocations=3 (full 0):
 PSYoungGen      total 57344K, used 51342K [0x00000007c0680000, 0x00000007c7680000, 0x0000000800000000)
  eden space 49152K, 100% used [0x00000007c0680000,0x00000007c3680000,0x00000007c3680000)
  from space 8192K, 26% used [0x00000007c3e80000,0x00000007c40a3b10,0x00000007c4680000)
  to   space 8192K, 0% used [0x00000007c3680000,0x00000007c3680000,0x00000007c3e80000)
 ParOldGen       total 130048K, used 49168K [0x0000000741400000, 0x0000000749300000, 0x00000007c0680000)
  object space 130048K, 37% used [0x0000000741400000,0x0000000744404030,0x0000000749300000)
 PSPermGen       total 21504K, used 13673K [0x000000073c200000, 0x000000073d700000, 0x0000000741400000)
  object space 21504K, 63% used [0x000000073c200000,0x000000073cf5a7e0,0x000000073d700000)
Event: 11.372 GC heap after
Heap after GC invocations=3 (full 0):
 PSYoungGen      total 57344K, used 2206K [0x00000007c0680000, 0x00000007c7680000, 0x0000000800000000)
  eden space 49152K, 0% used [0x00000007c0680000,0x00000007c0680000,0x00000007c3680000)
  from space 8192K, 26% used [0x00000007c3680000,0x00000007c38a7b20,0x00000007c3e80000)
  to   space 8192K, 0% used [0x00000007c6e80000,0x00000007c6e80000,0x00000007c7680000)
 ParOldGen       total 130048K, used 49168K [0x0000000741400000, 0x0000000749300000, 0x00000007c0680000)
  object space 130048K, 37% used [0x0000000741400000,0x0000000744404030,0x0000000749300000)
 PSPermGen       total 21504K, used 13673K [0x000000073c200000, 0x000000073d700000, 0x0000000741400000)
  object space 21504K, 63% used [0x000000073c200000,0x000000073cf5a7e0,0x000000073d700000)
}

