# JRE version: Java(TM) SE Runtime Environment (7.0_71-b14) (build 1.7.0_71-b14)
# Java VM: Java HotSpot(TM) 64-Bit Server VM (24.71-b01 mixed mode windows-amd64 compressed oops)
Heap
 PSYoungGen      total 106496K, used 68256K [0x00000007c0680000, 0x00000007c7680000, 0x0000000800000000)
  eden space 98304K, 67% used [0x00000007c0680000,0x00000007c4709180,0x00000007c6680000)
  from space 8192K, 26% used [0x00000007c6e80000,0x00000007c709f0d0,0x00000007c7680000)
  to   space 8192K, 0% used [0x00000007c6680000,0x00000007c6680000,0x00000007c6e80000)
 ParOldGen       total 130048K, used 62454K [0x0000000741400000, 0x0000000749300000, 0x00000007c0680000)
  object space 130048K, 48% used [0x0000000741400000,0x00000007450fd9e8,0x0000000749300000)
 PSPermGen       total 21504K, used 13898K [0x000000073c200000, 0x000000073d700000, 0x0000000741400000)
  object space 21504K, 64% used [0x000000073c200000,0x000000073cf92b20,0x000000073d700000)
GC Heap History (8 events):
Event: 16.603 GC heap before
{Heap before GC invocations=1 (full 0):
 PSYoungGen      total 57344K, used 49152K [0x00000007c0680000, 0x00000007c4680000, 0x0000000800000000)
  eden space 49152K, 100% used [0x00000007c0680000,0x00000007c3680000,0x00000007c3680000)
  from space 8192K, 0% used [0x00000007c3e80000,0x00000007c3e80000,0x00000007c4680000)
  to   space 8192K, 0% used [0x00000007c3680000,0x00000007c3680000,0x00000007c3e80000)
 ParOldGen       total 130048K, used 0K [0x0000000741400000, 0x0000000749300000, 0x00000007c0680000)
  object space 130048K, 0% used [0x0000000741400000,0x0000000741400000,0x0000000749300000)
 PSPermGen       total 21504K, used 13749K [0x000000073c200000, 0x000000073d700000, 0x0000000741400000)
  object space 21504K, 63% used [0x000000073c200000,0x000000073cf6d4d0,0x000000073d700000)
Event: 16.639 GC heap after
Heap after GC invocations=1 (full 0):
 PSYoungGen      total 57344K, used 8172K [0x00000007c0680000, 0x00000007c4680000, 0x0000000800000000)
  eden space 49152K, 0% used [0x00000007c0680000,0x00000007c0680000,0x00000007c3680000)
  from space 8192K, 99% used [0x00000007c3680000,0x00000007c3e7b0f0,0x00000007c3e80000)
  to   space 8192K, 0% used [0x00000007c3e80000,0x00000007c3e80000,0x00000007c4680000)
 ParOldGen       total 130048K, used 13286K [0x0000000741400000, 0x0000000749300000, 0x00000007c0680000)
  object space 130048K, 10% used [0x0000000741400000,0x00000007420f99b8,0x0000000749300000)
 PSPermGen       total 21504K, used 13749K [0x000000073c200000, 0x000000073d700000, 0x0000000741400000)
  object space 21504K, 63% used [0x000000073c200000,0x000000073cf6d4d0,0x000000073d700000)
}
Event: 17.234 GC heap before
{Heap before GC invocations=2 (full 0):
 PSYoungGen      total 57344K, used 57324K [0x00000007c0680000, 0x00000007c4680000, 0x0000000800000000)
  eden space 49152K, 100% used [0x00000007c0680000,0x00000007c3680000,0x00000007c3680000)
  from space 8192K, 99% used [0x00000007c3680000,0x00000007c3e7b0f0,0x00000007c3e80000)
  to   space 8192K, 0% used [0x00000007c3e80000,0x00000007c3e80000,0x00000007c4680000)
 ParOldGen       total 130048K, used 13286K [0x0000000741400000, 0x0000000749300000, 0x00000007c0680000)
  object space 130048K, 10% used [0x0000000741400000,0x00000007420f99b8,0x0000000749300000)
 PSPermGen       total 21504K, used 13816K [0x000000073c200000, 0x000000073d700000, 0x0000000741400000)
  object space 21504K, 64% used [0x000000073c200000,0x000000073cf7e040,0x000000073d700000)
Event: 17.250 GC heap after
Heap after GC invocations=2 (full 0):
 PSYoungGen      total 57344K, used 6502K [0x00000007c0680000, 0x00000007c7680000, 0x0000000800000000)
  eden space 49152K, 0% used [0x00000007c0680000,0x00000007c0680000,0x00000007c3680000)
  from space 8192K, 79% used [0x00000007c3e80000,0x00000007c44d9b20,0x00000007c4680000)
  to   space 8192K, 0% used [0x00000007c3680000,0x00000007c3680000,0x00000007c3e80000)
 ParOldGen       total 130048K, used 13286K [0x0000000741400000, 0x0000000749300000, 0x00000007c0680000)
  object space 130048K, 10% used [0x0000000741400000,0x00000007420f99b8,0x0000000749300000)
 PSPermGen       total 21504K, used 13816K [0x000000073c200000, 0x000000073d700000, 0x0000000741400000)
  object space 21504K, 64% used [0x000000073c200000,0x000000073cf7e040,0x000000073d700000)
}
Event: 24.242 GC heap before
{Heap before GC invocations=3 (full 0):
 PSYoungGen      total 57344K, used 55654K [0x00000007c0680000, 0x00000007c7680000, 0x0000000800000000)
  eden space 49152K, 100% used [0x00000007c0680000,0x00000007c3680000,0x00000007c3680000)
  from space 8192K, 79% used [0x00000007c3e80000,0x00000007c44d9b20,0x00000007c4680000)
  to   space 8192K, 0% used [0x00000007c3680000,0x00000007c3680000,0x00000007c3e80000)
 ParOldGen       total 130048K, used 13286K [0x0000000741400000, 0x0000000749300000, 0x00000007c0680000)
  object space 130048K, 10% used [0x0000000741400000,0x00000007420f99b8,0x0000000749300000)
 PSPermGen       total 21504K, used 13894K [0x000000073c200000, 0x000000073d700000, 0x0000000741400000)
  object space 21504K, 64% used [0x000000073c200000,0x000000073cf919a0,0x000000073d700000)
Event: 24.337 GC heap after
Heap after GC invocations=3 (full 0):
 PSYoungGen      total 57344K, used 2094K [0x00000007c0680000, 0x00000007c7680000, 0x0000000800000000)
  eden space 49152K, 0% used [0x00000007c0680000,0x00000007c0680000,0x00000007c3680000)
  from space 8192K, 25% used [0x00000007c3680000,0x00000007c388bb00,0x00000007c3e80000)
  to   space 8192K, 0% used [0x00000007c6e80000,0x00000007c6e80000,0x00000007c7680000)
 ParOldGen       total 130048K, used 62446K [0x0000000741400000, 0x0000000749300000, 0x00000007c0680000)
  object space 130048K, 48% used [0x0000000741400000,0x00000007450fb9e8,0x0000000749300000)
 PSPermGen       total 21504K, used 13894K [0x000000073c200000, 0x000000073d700000, 0x0000000741400000)
  object space 21504K, 64% used [0x000000073c200000,0x000000073cf919a0,0x000000073d700000)
}
Event: 25.043 GC heap before
{Heap before GC invocations=4 (full 0):
 PSYoungGen      total 57344K, used 51246K [0x00000007c0680000, 0x00000007c7680000, 0x0000000800000000)
  eden space 49152K, 100% used [0x00000007c0680000,0x00000007c3680000,0x00000007c3680000)
  from space 8192K, 25% used [0x00000007c3680000,0x00000007c388bb00,0x00000007c3e80000)
  to   space 8192K, 0% used [0x00000007c6e80000,0x00000007c6e80000,0x00000007c7680000)
 ParOldGen       total 130048K, used 62446K [0x0000000741400000, 0x0000000749300000, 0x00000007c0680000)
  object space 130048K, 48% used [0x0000000741400000,0x00000007450fb9e8,0x0000000749300000)
 PSPermGen       total 21504K, used 13897K [0x000000073c200000, 0x000000073d700000, 0x0000000741400000)
  object space 21504K, 64% used [0x000000073c200000,0x000000073cf92760,0x000000073d700000)
Event: 25.056 GC heap after
Heap after GC invocations=4 (full 0):
 PSYoungGen      total 106496K, used 2172K [0x00000007c0680000, 0x00000007c7680000, 0x0000000800000000)
  eden space 98304K, 0% used [0x00000007c0680000,0x00000007c0680000,0x00000007c6680000)
  from space 8192K, 26% used [0x00000007c6e80000,0x00000007c709f0d0,0x00000007c7680000)
  to   space 8192K, 0% used [0x00000007c6680000,0x00000007c6680000,0x00000007c6e80000)
 ParOldGen       total 130048K, used 62454K [0x0000000741400000, 0x0000000749300000, 0x00000007c0680000)
  object space 130048K, 48% used [0x0000000741400000,0x00000007450fd9e8,0x0000000749300000)
 PSPermGen       total 21504K, used 13897K [0x000000073c200000, 0x000000073d700000, 0x0000000741400000)
  object space 21504K, 64% used [0x000000073c200000,0x000000073cf92760,0x000000073d700000)
}

