# JRE version: Java(TM) SE Runtime Environment (7.0_51-b13) (build 1.7.0_51-b13)
# Java VM: Java HotSpot(TM) 64-Bit Server VM (24.51-b03 mixed mode windows-amd64 compressed oops)
Heap
 PSYoungGen      total 107008K, used 13989K [0x00000007c0a00000, 0x00000007cdb00000, 0x0000000800000000)
  eden space 99328K, 14% used [0x00000007c0a00000,0x00000007c17a9538,0x00000007c6b00000)
  from space 7680K, 0% used [0x00000007c6b00000,0x00000007c6b00000,0x00000007c7280000)
  to   space 7680K, 0% used [0x00000007cd380000,0x00000007cd380000,0x00000007cdb00000)
 ParOldGen       total 157696K, used 54681K [0x0000000741e00000, 0x000000074b800000, 0x00000007c0a00000)
  object space 157696K, 34% used [0x0000000741e00000,0x0000000745366458,0x000000074b800000)
 PSPermGen       total 31744K, used 16134K [0x000000073cc00000, 0x000000073eb00000, 0x0000000741e00000)
  object space 31744K, 50% used [0x000000073cc00000,0x000000073dbc1ae0,0x000000073eb00000)
GC Heap History (8 events):
Event: 0.555 GC heap before
{Heap before GC invocations=1 (full 0):
 PSYoungGen      total 57344K, used 49664K [0x00000007c0a00000, 0x00000007c4980000, 0x0000000800000000)
  eden space 49664K, 100% used [0x00000007c0a00000,0x00000007c3a80000,0x00000007c3a80000)
  from space 7680K, 0% used [0x00000007c4200000,0x00000007c4200000,0x00000007c4980000)
  to   space 7680K, 0% used [0x00000007c3a80000,0x00000007c3a80000,0x00000007c4200000)
 ParOldGen       total 129536K, used 0K [0x0000000741e00000, 0x0000000749c80000, 0x00000007c0a00000)
  object space 129536K, 0% used [0x0000000741e00000,0x0000000741e00000,0x0000000749c80000)
 PSPermGen       total 21504K, used 10727K [0x000000073cc00000, 0x000000073e100000, 0x0000000741e00000)
  object space 21504K, 49% used [0x000000073cc00000,0x000000073d679ec8,0x000000073e100000)
Event: 0.587 GC heap after
Heap after GC invocations=1 (full 0):
 PSYoungGen      total 57344K, used 7675K [0x00000007c0a00000, 0x00000007c7a00000, 0x0000000800000000)
  eden space 49664K, 0% used [0x00000007c0a00000,0x00000007c0a00000,0x00000007c3a80000)
  from space 7680K, 99% used [0x00000007c3a80000,0x00000007c41fecc0,0x00000007c4200000)
  to   space 7680K, 0% used [0x00000007c7280000,0x00000007c7280000,0x00000007c7a00000)
 ParOldGen       total 129536K, used 37160K [0x0000000741e00000, 0x0000000749c80000, 0x00000007c0a00000)
  object space 129536K, 28% used [0x0000000741e00000,0x000000074424a0c8,0x0000000749c80000)
 PSPermGen       total 21504K, used 10727K [0x000000073cc00000, 0x000000073e100000, 0x0000000741e00000)
  object space 21504K, 49% used [0x000000073cc00000,0x000000073d679ec8,0x000000073e100000)
}
Event: 0.602 GC heap before
{Heap before GC invocations=2 (full 0):
 PSYoungGen      total 57344K, used 53271K [0x00000007c0a00000, 0x00000007c7a00000, 0x0000000800000000)
  eden space 49664K, 91% used [0x00000007c0a00000,0x00000007c36870d0,0x00000007c3a80000)
  from space 7680K, 99% used [0x00000007c3a80000,0x00000007c41fecc0,0x00000007c4200000)
  to   space 7680K, 0% used [0x00000007c7280000,0x00000007c7280000,0x00000007c7a00000)
 ParOldGen       total 129536K, used 37160K [0x0000000741e00000, 0x0000000749c80000, 0x00000007c0a00000)
  object space 129536K, 28% used [0x0000000741e00000,0x000000074424a0c8,0x0000000749c80000)
 PSPermGen       total 21504K, used 10728K [0x000000073cc00000, 0x000000073e100000, 0x0000000741e00000)
  object space 21504K, 49% used [0x000000073cc00000,0x000000073d67a108,0x000000073e100000)
Event: 0.630 GC heap after
Heap after GC invocations=2 (full 0):
 PSYoungGen      total 107008K, used 7659K [0x00000007c0a00000, 0x00000007c7a00000, 0x0000000800000000)
  eden space 99328K, 0% used [0x00000007c0a00000,0x00000007c0a00000,0x00000007c6b00000)
  from space 7680K, 99% used [0x00000007c7280000,0x00000007c79facb0,0x00000007c7a00000)
  to   space 7680K, 0% used [0x00000007c6b00000,0x00000007c6b00000,0x00000007c7280000)
 ParOldGen       total 129536K, used 72683K [0x0000000741e00000, 0x0000000749c80000, 0x00000007c0a00000)
  object space 129536K, 56% used [0x0000000741e00000,0x00000007464fac78,0x0000000749c80000)
 PSPermGen       total 21504K, used 10728K [0x000000073cc00000, 0x000000073e100000, 0x0000000741e00000)
  object space 21504K, 49% used [0x000000073cc00000,0x000000073d67a108,0x000000073e100000)
}
Event: 2.359 GC heap before
{Heap before GC invocations=3 (full 0):
 PSYoungGen      total 107008K, used 106987K [0x00000007c0a00000, 0x00000007c7a00000, 0x0000000800000000)
  eden space 99328K, 100% used [0x00000007c0a00000,0x00000007c6b00000,0x00000007c6b00000)
  from space 7680K, 99% used [0x00000007c7280000,0x00000007c79facb0,0x00000007c7a00000)
  to   space 7680K, 0% used [0x00000007c6b00000,0x00000007c6b00000,0x00000007c7280000)
 ParOldGen       total 129536K, used 72683K [0x0000000741e00000, 0x0000000749c80000, 0x00000007c0a00000)
  object space 129536K, 56% used [0x0000000741e00000,0x00000007464fac78,0x0000000749c80000)
 PSPermGen       total 21504K, used 15714K [0x000000073cc00000, 0x000000073e100000, 0x0000000741e00000)
  object space 21504K, 73% used [0x000000073cc00000,0x000000073db588a8,0x000000073e100000)
Event: 2.375 GC heap after
Heap after GC invocations=3 (full 0):
 PSYoungGen      total 107008K, used 7657K [0x00000007c0a00000, 0x00000007cdb00000, 0x0000000800000000)
  eden space 99328K, 0% used [0x00000007c0a00000,0x00000007c0a00000,0x00000007c6b00000)
  from space 7680K, 99% used [0x00000007c6b00000,0x00000007c727a660,0x00000007c7280000)
  to   space 7680K, 0% used [0x00000007cd380000,0x00000007cd380000,0x00000007cdb00000)
 ParOldGen       total 129536K, used 94239K [0x0000000741e00000, 0x0000000749c80000, 0x00000007c0a00000)
  object space 129536K, 72% used [0x0000000741e00000,0x0000000747a07fd8,0x0000000749c80000)
 PSPermGen       total 21504K, used 15714K [0x000000073cc00000, 0x000000073e100000, 0x0000000741e00000)
  object space 21504K, 73% used [0x000000073cc00000,0x000000073db588a8,0x000000073e100000)
}
Event: 2.375 GC heap before
{Heap before GC invocations=4 (full 1):
 PSYoungGen      total 107008K, used 7657K [0x00000007c0a00000, 0x00000007cdb00000, 0x0000000800000000)
  eden space 99328K, 0% used [0x00000007c0a00000,0x00000007c0a00000,0x00000007c6b00000)
  from space 7680K, 99% used [0x00000007c6b00000,0x00000007c727a660,0x00000007c7280000)
  to   space 7680K, 0% used [0x00000007cd380000,0x00000007cd380000,0x00000007cdb00000)
 ParOldGen       total 129536K, used 94239K [0x0000000741e00000, 0x0000000749c80000, 0x00000007c0a00000)
  object space 129536K, 72% used [0x0000000741e00000,0x0000000747a07fd8,0x0000000749c80000)
 PSPermGen       total 21504K, used 15714K [0x000000073cc00000, 0x000000073e100000, 0x0000000741e00000)
  object space 21504K, 73% used [0x000000073cc00000,0x000000073db588a8,0x000000073e100000)
Event: 2.532 GC heap after
Heap after GC invocations=4 (full 1):
 PSYoungGen      total 107008K, used 0K [0x00000007c0a00000, 0x00000007cdb00000, 0x0000000800000000)
  eden space 99328K, 0% used [0x00000007c0a00000,0x00000007c0a00000,0x00000007c6b00000)
  from space 7680K, 0% used [0x00000007c6b00000,0x00000007c6b00000,0x00000007c7280000)
  to   space 7680K, 0% used [0x00000007cd380000,0x00000007cd380000,0x00000007cdb00000)
 ParOldGen       total 157696K, used 54681K [0x0000000741e00000, 0x000000074b800000, 0x00000007c0a00000)
  object space 157696K, 34% used [0x0000000741e00000,0x0000000745366458,0x000000074b800000)
 PSPermGen       total 31744K, used 15709K [0x000000073cc00000, 0x000000073eb00000, 0x0000000741e00000)
  object space 31744K, 49% used [0x000000073cc00000,0x000000073db577b8,0x000000073eb00000)
}

