# JRE version: Java(TM) SE Runtime Environment (7.0_51-b13) (build 1.7.0_51-b13)
# Java VM: Java HotSpot(TM) 64-Bit Server VM (24.51-b03 mixed mode windows-amd64 compressed oops)
Heap
 PSYoungGen      total 107008K, used 20393K [0x00000007c0a00000, 0x00000007c7a00000, 0x0000000800000000)
  eden space 99328K, 12% used [0x00000007c0a00000,0x00000007c1672430,0x00000007c6b00000)
  from space 7680K, 99% used [0x00000007c7280000,0x00000007c79f8020,0x00000007c7a00000)
  to   space 7680K, 0% used [0x00000007c6b00000,0x00000007c6b00000,0x00000007c7280000)
 ParOldGen       total 129536K, used 84608K [0x0000000741e00000, 0x0000000749c80000, 0x00000007c0a00000)
  object space 129536K, 65% used [0x0000000741e00000,0x00000007470a01d8,0x0000000749c80000)
 PSPermGen       total 21504K, used 14738K [0x000000073cc00000, 0x000000073e100000, 0x0000000741e00000)
  object space 21504K, 68% used [0x000000073cc00000,0x000000073da64960,0x000000073e100000)
GC Heap History (8 events):
Event: 6.013 GC heap before
{Heap before GC invocations=1 (full 0):
 PSYoungGen      total 57344K, used 49664K [0x00000007c0a00000, 0x00000007c4980000, 0x0000000800000000)
  eden space 49664K, 100% used [0x00000007c0a00000,0x00000007c3a80000,0x00000007c3a80000)
  from space 7680K, 0% used [0x00000007c4200000,0x00000007c4200000,0x00000007c4980000)
  to   space 7680K, 0% used [0x00000007c3a80000,0x00000007c3a80000,0x00000007c4200000)
 ParOldGen       total 129536K, used 0K [0x0000000741e00000, 0x0000000749c80000, 0x00000007c0a00000)
  object space 129536K, 0% used [0x0000000741e00000,0x0000000741e00000,0x0000000749c80000)
 PSPermGen       total 21504K, used 11702K [0x000000073cc00000, 0x000000073e100000, 0x0000000741e00000)
  object space 21504K, 54% used [0x000000073cc00000,0x000000073d76dbc0,0x000000073e100000)
Event: 6.055 GC heap after
Heap after GC invocations=1 (full 0):
 PSYoungGen      total 57344K, used 7662K [0x00000007c0a00000, 0x00000007c4980000, 0x0000000800000000)
  eden space 49664K, 0% used [0x00000007c0a00000,0x00000007c0a00000,0x00000007c3a80000)
  from space 7680K, 99% used [0x00000007c3a80000,0x00000007c41fbb00,0x00000007c4200000)
  to   space 7680K, 0% used [0x00000007c4200000,0x00000007c4200000,0x00000007c4980000)
 ParOldGen       total 129536K, used 19728K [0x0000000741e00000, 0x0000000749c80000, 0x00000007c0a00000)
  object space 129536K, 15% used [0x0000000741e00000,0x0000000743144138,0x0000000749c80000)
 PSPermGen       total 21504K, used 11702K [0x000000073cc00000, 0x000000073e100000, 0x0000000741e00000)
  object space 21504K, 54% used [0x000000073cc00000,0x000000073d76dbc0,0x000000073e100000)
}
Event: 6.078 GC heap before
{Heap before GC invocations=2 (full 0):
 PSYoungGen      total 57344K, used 57326K [0x00000007c0a00000, 0x00000007c4980000, 0x0000000800000000)
  eden space 49664K, 100% used [0x00000007c0a00000,0x00000007c3a80000,0x00000007c3a80000)
  from space 7680K, 99% used [0x00000007c3a80000,0x00000007c41fbb00,0x00000007c4200000)
  to   space 7680K, 0% used [0x00000007c4200000,0x00000007c4200000,0x00000007c4980000)
 ParOldGen       total 129536K, used 19728K [0x0000000741e00000, 0x0000000749c80000, 0x00000007c0a00000)
  object space 129536K, 15% used [0x0000000741e00000,0x0000000743144138,0x0000000749c80000)
 PSPermGen       total 21504K, used 11703K [0x000000073cc00000, 0x000000073e100000, 0x0000000741e00000)
  object space 21504K, 54% used [0x000000073cc00000,0x000000073d76de00,0x000000073e100000)
Event: 6.140 GC heap after
Heap after GC invocations=2 (full 0):
 PSYoungGen      total 57344K, used 7664K [0x00000007c0a00000, 0x00000007c7a00000, 0x0000000800000000)
  eden space 49664K, 0% used [0x00000007c0a00000,0x00000007c0a00000,0x00000007c3a80000)
  from space 7680K, 99% used [0x00000007c4200000,0x00000007c497c010,0x00000007c4980000)
  to   space 7680K, 0% used [0x00000007c3a80000,0x00000007c3a80000,0x00000007c4200000)
 ParOldGen       total 129536K, used 57251K [0x0000000741e00000, 0x0000000749c80000, 0x00000007c0a00000)
  object space 129536K, 44% used [0x0000000741e00000,0x00000007455e8d18,0x0000000749c80000)
 PSPermGen       total 21504K, used 11703K [0x000000073cc00000, 0x000000073e100000, 0x0000000741e00000)
  object space 21504K, 54% used [0x000000073cc00000,0x000000073d76de00,0x000000073e100000)
}
Event: 6.862 GC heap before
{Heap before GC invocations=3 (full 0):
 PSYoungGen      total 57344K, used 57328K [0x00000007c0a00000, 0x00000007c7a00000, 0x0000000800000000)
  eden space 49664K, 100% used [0x00000007c0a00000,0x00000007c3a80000,0x00000007c3a80000)
  from space 7680K, 99% used [0x00000007c4200000,0x00000007c497c010,0x00000007c4980000)
  to   space 7680K, 0% used [0x00000007c3a80000,0x00000007c3a80000,0x00000007c4200000)
 ParOldGen       total 129536K, used 57251K [0x0000000741e00000, 0x0000000749c80000, 0x00000007c0a00000)
  object space 129536K, 44% used [0x0000000741e00000,0x00000007455e8d18,0x0000000749c80000)
 PSPermGen       total 21504K, used 12126K [0x000000073cc00000, 0x000000073e100000, 0x0000000741e00000)
  object space 21504K, 56% used [0x000000073cc00000,0x000000073d7d7b50,0x000000073e100000)
Event: 6.900 GC heap after
Heap after GC invocations=3 (full 0):
 PSYoungGen      total 57344K, used 7664K [0x00000007c0a00000, 0x00000007c7a00000, 0x0000000800000000)
  eden space 49664K, 0% used [0x00000007c0a00000,0x00000007c0a00000,0x00000007c3a80000)
  from space 7680K, 99% used [0x00000007c3a80000,0x00000007c41fc010,0x00000007c4200000)
  to   space 7680K, 0% used [0x00000007c7280000,0x00000007c7280000,0x00000007c7a00000)
 ParOldGen       total 129536K, used 83655K [0x0000000741e00000, 0x0000000749c80000, 0x00000007c0a00000)
  object space 129536K, 64% used [0x0000000741e00000,0x0000000746fb1d78,0x0000000749c80000)
 PSPermGen       total 21504K, used 12126K [0x000000073cc00000, 0x000000073e100000, 0x0000000741e00000)
  object space 21504K, 56% used [0x000000073cc00000,0x000000073d7d7b50,0x000000073e100000)
}
Event: 7.490 GC heap before
{Heap before GC invocations=4 (full 0):
 PSYoungGen      total 57344K, used 57328K [0x00000007c0a00000, 0x00000007c7a00000, 0x0000000800000000)
  eden space 49664K, 100% used [0x00000007c0a00000,0x00000007c3a80000,0x00000007c3a80000)
  from space 7680K, 99% used [0x00000007c3a80000,0x00000007c41fc010,0x00000007c4200000)
  to   space 7680K, 0% used [0x00000007c7280000,0x00000007c7280000,0x00000007c7a00000)
 ParOldGen       total 129536K, used 83655K [0x0000000741e00000, 0x0000000749c80000, 0x00000007c0a00000)
  object space 129536K, 64% used [0x0000000741e00000,0x0000000746fb1d78,0x0000000749c80000)
 PSPermGen       total 21504K, used 14568K [0x000000073cc00000, 0x000000073e100000, 0x0000000741e00000)
  object space 21504K, 67% used [0x000000073cc00000,0x000000073da3a210,0x000000073e100000)
Event: 7.503 GC heap after
Heap after GC invocations=4 (full 0):
 PSYoungGen      total 107008K, used 7648K [0x00000007c0a00000, 0x00000007c7a00000, 0x0000000800000000)
  eden space 99328K, 0% used [0x00000007c0a00000,0x00000007c0a00000,0x00000007c6b00000)
  from space 7680K, 99% used [0x00000007c7280000,0x00000007c79f8020,0x00000007c7a00000)
  to   space 7680K, 0% used [0x00000007c6b00000,0x00000007c6b00000,0x00000007c7280000)
 ParOldGen       total 129536K, used 84608K [0x0000000741e00000, 0x0000000749c80000, 0x00000007c0a00000)
  object space 129536K, 65% used [0x0000000741e00000,0x00000007470a01d8,0x0000000749c80000)
 PSPermGen       total 21504K, used 14568K [0x000000073cc00000, 0x000000073e100000, 0x0000000741e00000)
  object space 21504K, 67% used [0x000000073cc00000,0x000000073da3a210,0x000000073e100000)
}

