# JRE version: Java(TM) SE Runtime Environment (7.0_51-b13) (build 1.7.0_51-b13)
# Java VM: Java HotSpot(TM) 64-Bit Server VM (24.51-b03 mixed mode windows-amd64 compressed oops)
Heap
 PSYoungGen      total 107008K, used 13975K [0x00000007c0a00000, 0x00000007cdb00000, 0x0000000800000000)
  eden space 99328K, 14% used [0x00000007c0a00000,0x00000007c17a5d70,0x00000007c6b00000)
  from space 7680K, 0% used [0x00000007c6b00000,0x00000007c6b00000,0x00000007c7280000)
  to   space 7680K, 0% used [0x00000007cd380000,0x00000007cd380000,0x00000007cdb00000)
 ParOldGen       total 156160K, used 54619K [0x0000000741e00000, 0x000000074b680000, 0x00000007c0a00000)
  object space 156160K, 34% used [0x0000000741e00000,0x0000000745356e00,0x000000074b680000)
 PSPermGen       total 31744K, used 16119K [0x000000073cc00000, 0x000000073eb00000, 0x0000000741e00000)
  object space 31744K, 50% used [0x000000073cc00000,0x000000073dbbdf30,0x000000073eb00000)
GC Heap History (8 events):
Event: 0.773 GC heap before
{Heap before GC invocations=1 (full 0):
 PSYoungGen      total 57344K, used 49664K [0x00000007c0a00000, 0x00000007c4980000, 0x0000000800000000)
  eden space 49664K, 100% used [0x00000007c0a00000,0x00000007c3a80000,0x00000007c3a80000)
  from space 7680K, 0% used [0x00000007c4200000,0x00000007c4200000,0x00000007c4980000)
  to   space 7680K, 0% used [0x00000007c3a80000,0x00000007c3a80000,0x00000007c4200000)
 ParOldGen       total 129536K, used 0K [0x0000000741e00000, 0x0000000749c80000, 0x00000007c0a00000)
  object space 129536K, 0% used [0x0000000741e00000,0x0000000741e00000,0x0000000749c80000)
 PSPermGen       total 21504K, used 10737K [0x000000073cc00000, 0x000000073e100000, 0x0000000741e00000)
  object space 21504K, 49% used [0x000000073cc00000,0x000000073d67c500,0x000000073e100000)
Event: 0.804 GC heap after
Heap after GC invocations=1 (full 0):
 PSYoungGen      total 57344K, used 7678K [0x00000007c0a00000, 0x00000007c7a00000, 0x0000000800000000)
  eden space 49664K, 0% used [0x00000007c0a00000,0x00000007c0a00000,0x00000007c3a80000)
  from space 7680K, 99% used [0x00000007c3a80000,0x00000007c41ffb10,0x00000007c4200000)
  to   space 7680K, 0% used [0x00000007c7280000,0x00000007c7280000,0x00000007c7a00000)
 ParOldGen       total 129536K, used 37159K [0x0000000741e00000, 0x0000000749c80000, 0x00000007c0a00000)
  object space 129536K, 28% used [0x0000000741e00000,0x0000000744249f40,0x0000000749c80000)
 PSPermGen       total 21504K, used 10737K [0x000000073cc00000, 0x000000073e100000, 0x0000000741e00000)
  object space 21504K, 49% used [0x000000073cc00000,0x000000073d67c500,0x000000073e100000)
}
Event: 0.825 GC heap before
{Heap before GC invocations=2 (full 0):
 PSYoungGen      total 57344K, used 53394K [0x00000007c0a00000, 0x00000007c7a00000, 0x0000000800000000)
  eden space 49664K, 92% used [0x00000007c0a00000,0x00000007c36a50d0,0x00000007c3a80000)
  from space 7680K, 99% used [0x00000007c3a80000,0x00000007c41ffb10,0x00000007c4200000)
  to   space 7680K, 0% used [0x00000007c7280000,0x00000007c7280000,0x00000007c7a00000)
 ParOldGen       total 129536K, used 37159K [0x0000000741e00000, 0x0000000749c80000, 0x00000007c0a00000)
  object space 129536K, 28% used [0x0000000741e00000,0x0000000744249f40,0x0000000749c80000)
 PSPermGen       total 21504K, used 10737K [0x000000073cc00000, 0x000000073e100000, 0x0000000741e00000)
  object space 21504K, 49% used [0x000000073cc00000,0x000000073d67c740,0x000000073e100000)
Event: 0.854 GC heap after
Heap after GC invocations=2 (full 0):
 PSYoungGen      total 107008K, used 7680K [0x00000007c0a00000, 0x00000007c7a00000, 0x0000000800000000)
  eden space 99328K, 0% used [0x00000007c0a00000,0x00000007c0a00000,0x00000007c6b00000)
  from space 7680K, 100% used [0x00000007c7280000,0x00000007c7a00000,0x00000007c7a00000)
  to   space 7680K, 0% used [0x00000007c6b00000,0x00000007c6b00000,0x00000007c7280000)
 ParOldGen       total 129536K, used 72666K [0x0000000741e00000, 0x0000000749c80000, 0x00000007c0a00000)
  object space 129536K, 56% used [0x0000000741e00000,0x00000007464f6918,0x0000000749c80000)
 PSPermGen       total 21504K, used 10737K [0x000000073cc00000, 0x000000073e100000, 0x0000000741e00000)
  object space 21504K, 49% used [0x000000073cc00000,0x000000073d67c740,0x000000073e100000)
}
Event: 3.086 GC heap before
{Heap before GC invocations=3 (full 0):
 PSYoungGen      total 107008K, used 107008K [0x00000007c0a00000, 0x00000007c7a00000, 0x0000000800000000)
  eden space 99328K, 100% used [0x00000007c0a00000,0x00000007c6b00000,0x00000007c6b00000)
  from space 7680K, 100% used [0x00000007c7280000,0x00000007c7a00000,0x00000007c7a00000)
  to   space 7680K, 0% used [0x00000007c6b00000,0x00000007c6b00000,0x00000007c7280000)
 ParOldGen       total 129536K, used 72666K [0x0000000741e00000, 0x0000000749c80000, 0x00000007c0a00000)
  object space 129536K, 56% used [0x0000000741e00000,0x00000007464f6918,0x0000000749c80000)
 PSPermGen       total 21504K, used 15694K [0x000000073cc00000, 0x000000073e100000, 0x0000000741e00000)
  object space 21504K, 72% used [0x000000073cc00000,0x000000073db53b60,0x000000073e100000)
Event: 3.101 GC heap after
Heap after GC invocations=3 (full 0):
 PSYoungGen      total 107008K, used 7676K [0x00000007c0a00000, 0x00000007cdb00000, 0x0000000800000000)
  eden space 99328K, 0% used [0x00000007c0a00000,0x00000007c0a00000,0x00000007c6b00000)
  from space 7680K, 99% used [0x00000007c6b00000,0x00000007c727f110,0x00000007c7280000)
  to   space 7680K, 0% used [0x00000007cd380000,0x00000007cd380000,0x00000007cdb00000)
 ParOldGen       total 129536K, used 93822K [0x0000000741e00000, 0x0000000749c80000, 0x00000007c0a00000)
  object space 129536K, 72% used [0x0000000741e00000,0x000000074799fab8,0x0000000749c80000)
 PSPermGen       total 21504K, used 15694K [0x000000073cc00000, 0x000000073e100000, 0x0000000741e00000)
  object space 21504K, 72% used [0x000000073cc00000,0x000000073db53b60,0x000000073e100000)
}
Event: 3.101 GC heap before
{Heap before GC invocations=4 (full 1):
 PSYoungGen      total 107008K, used 7676K [0x00000007c0a00000, 0x00000007cdb00000, 0x0000000800000000)
  eden space 99328K, 0% used [0x00000007c0a00000,0x00000007c0a00000,0x00000007c6b00000)
  from space 7680K, 99% used [0x00000007c6b00000,0x00000007c727f110,0x00000007c7280000)
  to   space 7680K, 0% used [0x00000007cd380000,0x00000007cd380000,0x00000007cdb00000)
 ParOldGen       total 129536K, used 93822K [0x0000000741e00000, 0x0000000749c80000, 0x00000007c0a00000)
  object space 129536K, 72% used [0x0000000741e00000,0x000000074799fab8,0x0000000749c80000)
 PSPermGen       total 21504K, used 15694K [0x000000073cc00000, 0x000000073e100000, 0x0000000741e00000)
  object space 21504K, 72% used [0x000000073cc00000,0x000000073db53b60,0x000000073e100000)
Event: 3.252 GC heap after
Heap after GC invocations=4 (full 1):
 PSYoungGen      total 107008K, used 0K [0x00000007c0a00000, 0x00000007cdb00000, 0x0000000800000000)
  eden space 99328K, 0% used [0x00000007c0a00000,0x00000007c0a00000,0x00000007c6b00000)
  from space 7680K, 0% used [0x00000007c6b00000,0x00000007c6b00000,0x00000007c7280000)
  to   space 7680K, 0% used [0x00000007cd380000,0x00000007cd380000,0x00000007cdb00000)
 ParOldGen       total 156160K, used 54619K [0x0000000741e00000, 0x000000074b680000, 0x00000007c0a00000)
  object space 156160K, 34% used [0x0000000741e00000,0x0000000745356e00,0x000000074b680000)
 PSPermGen       total 31744K, used 15690K [0x000000073cc00000, 0x000000073eb00000, 0x0000000741e00000)
  object space 31744K, 49% used [0x000000073cc00000,0x000000073db52a70,0x000000073eb00000)
}

